0 info it worked if it ends with ok
1 verbose cli [ '/usr/local/bin/node',
1 verbose cli   '/usr/local/bin/npm',
1 verbose cli   'install',
1 verbose cli   'stylus',
1 verbose cli   '-g' ]
2 info using npm@2.14.20
3 info using node@v4.4.1
4 verbose install initial load of /usr/local/lib/package.json
5 verbose readDependencies loading dependencies from /usr/local/lib/package.json
6 silly cache add args [ 'stylus', null ]
7 verbose cache add spec stylus
8 silly cache add parsed spec Result {
8 silly cache add   raw: 'stylus',
8 silly cache add   scope: null,
8 silly cache add   name: 'stylus',
8 silly cache add   rawSpec: '',
8 silly cache add   spec: 'latest',
8 silly cache add   type: 'tag' }
9 silly addNamed stylus@latest
10 verbose addNamed "latest" is being treated as a dist-tag for stylus
11 info addNameTag [ 'stylus', 'latest' ]
12 silly mapToRegistry name stylus
13 silly mapToRegistry using default registry
14 silly mapToRegistry registry https://registry.npmjs.org/
15 silly mapToRegistry uri https://registry.npmjs.org/stylus
16 verbose addNameTag registry:https://registry.npmjs.org/stylus not in flight; fetching
17 verbose request uri https://registry.npmjs.org/stylus
18 verbose request no auth needed
19 info attempt registry request try #1 at 9:55:56 PM
20 verbose request id f1f0ebadfe7772ad
21 verbose etag "CN96NWUA7RDKXE3Z9XMLYWJ9X"
22 http request GET https://registry.npmjs.org/stylus
23 http 200 https://registry.npmjs.org/stylus
24 verbose headers { server: 'CouchDB/1.5.0 (Erlang OTP/R16B03)',
24 verbose headers   etag: '"384U8XDCH95NPFIE348Z6I9A1"',
24 verbose headers   'content-type': 'application/json',
24 verbose headers   'cache-control': 'max-age=300',
24 verbose headers   'content-length': '201611',
24 verbose headers   'accept-ranges': 'bytes',
24 verbose headers   date: 'Mon, 09 May 2016 01:55:58 GMT',
24 verbose headers   via: '1.1 varnish',
24 verbose headers   age: '149',
24 verbose headers   connection: 'keep-alive',
24 verbose headers   'x-served-by': 'cache-iad2134-IAD',
24 verbose headers   'x-cache': 'HIT',
24 verbose headers   'x-cache-hits': '1',
24 verbose headers   'x-timer': 'S1462758958.123248,VS0,VE0',
24 verbose headers   vary: 'Accept-Encoding' }
25 silly get cb [ 200,
25 silly get   { server: 'CouchDB/1.5.0 (Erlang OTP/R16B03)',
25 silly get     etag: '"384U8XDCH95NPFIE348Z6I9A1"',
25 silly get     'content-type': 'application/json',
25 silly get     'cache-control': 'max-age=300',
25 silly get     'content-length': '201611',
25 silly get     'accept-ranges': 'bytes',
25 silly get     date: 'Mon, 09 May 2016 01:55:58 GMT',
25 silly get     via: '1.1 varnish',
25 silly get     age: '149',
25 silly get     connection: 'keep-alive',
25 silly get     'x-served-by': 'cache-iad2134-IAD',
25 silly get     'x-cache': 'HIT',
25 silly get     'x-cache-hits': '1',
25 silly get     'x-timer': 'S1462758958.123248,VS0,VE0',
25 silly get     vary: 'Accept-Encoding' } ]
26 verbose get saving stylus to /Users/jessicalane/.npm/registry.npmjs.org/stylus/.cache.json
27 verbose correctMkdir /Users/jessicalane/.npm correctMkdir not in flight; initializing
28 silly addNameTag next cb for stylus with tag latest
29 silly addNamed stylus@0.54.5
30 verbose addNamed "0.54.5" is a plain semver version for stylus
31 silly cache afterAdd stylus@0.54.5
32 verbose afterAdd /Users/jessicalane/.npm/stylus/0.54.5/package/package.json not in flight; writing
33 verbose correctMkdir /Users/jessicalane/.npm correctMkdir not in flight; initializing
34 verbose afterAdd /Users/jessicalane/.npm/stylus/0.54.5/package/package.json written
35 silly install resolved [ { name: 'stylus',
35 silly install resolved     description: 'Robust, expressive, and feature-rich CSS superset',
35 silly install resolved     version: '0.54.5',
35 silly install resolved     author: { name: 'TJ Holowaychuk', email: 'tj@vision-media.ca' },
35 silly install resolved     keywords: [ 'css', 'parser', 'style', 'stylesheets', 'jade', 'language' ],
35 silly install resolved     repository: { type: 'git', url: 'git://github.com/stylus/stylus.git' },
35 silly install resolved     main: './index.js',
35 silly install resolved     browserify: './lib/browserify.js',
35 silly install resolved     engines: { node: '*' },
35 silly install resolved     bin: { stylus: './bin/stylus' },
35 silly install resolved     scripts:
35 silly install resolved      { prepublish: 'npm prune',
35 silly install resolved        test: 'mocha test/ test/middleware/ --require should --bail --check-leaks --reporter dot',
35 silly install resolved        'test-cov': 'mocha test/ test/middleware/ --require should --bail --reporter html-cov > coverage.html' },
35 silly install resolved     dependencies:
35 silly install resolved      { 'css-parse': '1.7.x',
35 silly install resolved        mkdirp: '0.5.x',
35 silly install resolved        debug: '*',
35 silly install resolved        sax: '0.5.x',
35 silly install resolved        glob: '7.0.x',
35 silly install resolved        'source-map': '0.1.x' },
35 silly install resolved     devDependencies: { should: '8.x', mocha: '*', jscoverage: '0.3.8' },
35 silly install resolved     bugs: { url: 'https://github.com/stylus/stylus/issues' },
35 silly install resolved     homepage: 'https://github.com/stylus/stylus',
35 silly install resolved     directories: { doc: 'docs', example: 'examples', test: 'test' },
35 silly install resolved     license: 'MIT',
35 silly install resolved     gitHead: '5aff5ed0e3f482ed48f30110e24fccad7f5559ab',
35 silly install resolved     _id: 'stylus@0.54.5',
35 silly install resolved     _shasum: '42b9560931ca7090ce8515a798ba9e6aa3d6dc79',
35 silly install resolved     _from: 'stylus@latest',
35 silly install resolved     _npmVersion: '3.8.3',
35 silly install resolved     _nodeVersion: '5.10.1',
35 silly install resolved     _npmUser: { name: 'panya', email: 'panyakor@gmail.com' },
35 silly install resolved     dist:
35 silly install resolved      { shasum: '42b9560931ca7090ce8515a798ba9e6aa3d6dc79',
35 silly install resolved        tarball: 'https://registry.npmjs.org/stylus/-/stylus-0.54.5.tgz' },
35 silly install resolved     maintainers: [ [Object], [Object], [Object] ],
35 silly install resolved     _npmOperationalInternal:
35 silly install resolved      { host: 'packages-12-west.internal.npmjs.com',
35 silly install resolved        tmp: 'tmp/stylus-0.54.5.tgz_1461796984140_0.8051077802665532' },
35 silly install resolved     _resolved: 'https://registry.npmjs.org/stylus/-/stylus-0.54.5.tgz',
35 silly install resolved     readme: 'ERROR: No README data found!' } ]
36 info install stylus@0.54.5 into /usr/local/lib
37 info installOne stylus@0.54.5
38 verbose installOne of stylus to /usr/local/lib not in flight; installing
39 verbose correctMkdir /Users/jessicalane/.npm/_locks correctMkdir not in flight; initializing
40 verbose lock using /Users/jessicalane/.npm/_locks/stylus-c3eec871ff9af39a.lock for /usr/local/lib/node_modules/stylus
41 silly install write writing stylus 0.54.5 to /usr/local/lib/node_modules/stylus
42 verbose unbuild lib/node_modules/stylus
43 info preuninstall stylus@0.54.2
44 info uninstall stylus@0.54.2
45 verbose unbuild rmStuff stylus@0.54.2 from /usr/local/lib/node_modules
46 silly gentlyRm /usr/local/bin/stylus is being gently removed
47 silly gentlyRm verifying /usr/local is an npm working directory
48 silly gentlyRm containing path /usr/local is under npm's control, in /usr/local
49 silly gentlyRm deletion target /usr/local/bin/stylus is under /usr/local
50 verbose gentlyRm vacuuming from /usr/local/bin/stylus up to /usr/local
51 silly vacuum-fs removing /usr/local/bin/stylus
52 verbose unlock done using /Users/jessicalane/.npm/_locks/stylus-c3eec871ff9af39a.lock for /usr/local/lib/node_modules/stylus
53 verbose stack Error: EACCES: permission denied, unlink '/usr/local/bin/stylus'
53 verbose stack     at Error (native)
54 verbose cwd /Users/jessicalane/Desktop/Dev/new-lane-portfolio
55 error Darwin 10.3.0
56 error argv "/usr/local/bin/node" "/usr/local/bin/npm" "install" "stylus" "-g"
57 error node v4.4.1
58 error npm  v2.14.20
59 error path /usr/local/bin/stylus
60 error code EACCES
61 error errno -13
62 error syscall unlink
63 error Error: EACCES: permission denied, unlink '/usr/local/bin/stylus'
63 error     at Error (native)
63 error  { [Error: EACCES: permission denied, unlink '/usr/local/bin/stylus']
63 error   errno: -13,
63 error   code: 'EACCES',
63 error   syscall: 'unlink',
63 error   path: '/usr/local/bin/stylus' }
64 error Please try running this command again as root/Administrator.
65 verbose exit [ -13, true ]
66 verbose unbuild lib/node_modules/stylus
67 info preuninstall stylus@0.54.2
68 info uninstall stylus@0.54.2
69 verbose unbuild rmStuff stylus@0.54.2 from /usr/local/lib/node_modules
70 silly gentlyRm /usr/local/bin/stylus is being gently removed
71 silly gentlyRm verifying /usr/local is an npm working directory
72 silly gentlyRm containing path /usr/local is under npm's control, in /usr/local
73 silly gentlyRm deletion target /usr/local/bin/stylus is under /usr/local
74 verbose gentlyRm vacuuming from /usr/local/bin/stylus up to /usr/local
75 silly vacuum-fs removing /usr/local/bin/stylus
76 error error rolling back Error: EACCES: permission denied, unlink '/usr/local/bin/stylus'
76 error error rolling back     at Error (native)
76 error error rolling back  { [Error: EACCES: permission denied, unlink '/usr/local/bin/stylus']
76 error error rolling back   errno: -13,
76 error error rolling back   code: 'EACCES',
76 error error rolling back   syscall: 'unlink',
76 error error rolling back   path: '/usr/local/bin/stylus' }
